app/build/outputs/logs/manifest-merger-debug-report.txt
-- Merging decision tree log ---
manifest
ADDED from src\main\AndroidManifest.xml:2:1-97:12
	package
		ADDED from src\main\AndroidManifest.xml:3:5-38
		INJECTED from src\main\AndroidManifest.xml
		INJECTED from src\main\AndroidManifest.xml
	xmlns:android
		ADDED from src\main\AndroidManifest.xml:2:11-69
	android:installLocation
		ADDED from src\main\AndroidManifest.xml:4:5-35
uses-permission#android.permission.INTERNET
ADDED from src\main\AndroidManifest.xml:6:5-67
	android:name
		ADDED from src\main\AndroidManifest.xml:6:22-64
uses-permission#android.permission.SYSTEM_ALERT_WINDOW
ADDED from src\main\AndroidManifest.xml:7:5-78
	android:name
		ADDED from src\main\AndroidManifest.xml:7:22-75
uses-permission#android.permission.VIBRATE
ADDED from src\main\AndroidManifest.xml:8:5-66
	android:name
		ADDED from src\main\AndroidManifest.xml:8:22-63
uses-sdk
ADDED from src\main\AndroidManifest.xml:10:5-12:41
MERGED from [com.android.support:appcompat-v7:23.4.0] AndroidManifest.xml:21:5-23:78
MERGED from [com.android.support:animated-vector-drawable:23.4.0] AndroidManifest.xml:5:5-44
MERGED from [com.android.support:support-vector-drawable:23.4.0] AndroidManifest.xml:5:5-43
MERGED from [com.android.support:support-v4:23.4.0] AndroidManifest.xml:20:5-43
MERGED from [com.android.support:recyclerview-v7:23.4.0] AndroidManifest.xml:20:5-43
	tools:overrideLibrary
		ADDED from [com.android.support:appcompat-v7:23.4.0] AndroidManifest.xml:23:9-75
	android:targetSdkVersion
		ADDED from src\main\AndroidManifest.xml:12:9-38
		INJECTED from src\main\AndroidManifest.xml
		INJECTED from src\main\AndroidManifest.xml
	android:minSdkVersion
		ADDED from src\main\AndroidManifest.xml:11:9-35
		INJECTED from src\main\AndroidManifest.xml
		INJECTED from src\main\AndroidManifest.xml
application
ADDED from src\main\AndroidManifest.xml:14:5-96:19
MERGED from [com.android.support:appcompat-v7:23.4.0] AndroidManifest.xml:25:5-20
MERGED from [com.android.support:animated-vector-drawable:23.4.0] AndroidManifest.xml:7:5-20
MERGED from [com.android.support:support-vector-drawable:23.4.0] AndroidManifest.xml:7:5-20
MERGED from [com.android.support:support-v4:23.4.0] AndroidManifest.xml:22:5-20
	android:label
		ADDED from src\main\AndroidManifest.xml:17:9-41
	android:allowBackup
		ADDED from src\main\AndroidManifest.xml:15:9-35
	android:icon
		ADDED from src\main\AndroidManifest.xml:16:9-54
uses-library#com.sec.android.app.multiwindow
ADDED from src\main\AndroidManifest.xml:18:9-20:40
	android:required
		ADDED from src\main\AndroidManifest.xml:20:13-37
	android:name
		ADDED from src\main\AndroidManifest.xml:19:13-59
meta-data#com.sec.android.support.multiwindow
ADDED from src\main\AndroidManifest.xml:22:9-24:36
	android:value
		ADDED from src\main\AndroidManifest.xml:24:13-33
	android:name
		ADDED from src\main\AndroidManifest.xml:23:13-63
meta-data#com.sec.android.multiwindow.DEFAULT_SIZE_W
ADDED from src\main\AndroidManifest.xml:25:9-27:59
	android:resource
		ADDED from src\main\AndroidManifest.xml:27:13-56
	android:name
		ADDED from src\main\AndroidManifest.xml:26:13-70
meta-data#com.sec.android.multiwindow.DEFAULT_SIZE_H
ADDED from src\main\AndroidManifest.xml:28:9-30:59
	android:resource
		ADDED from src\main\AndroidManifest.xml:30:13-56
	android:name
		ADDED from src\main\AndroidManifest.xml:29:13-70
meta-data#com.sec.android.multiwindow.MINIMUM_SIZE_W
ADDED from src\main\AndroidManifest.xml:31:9-33:59
	android:resource
		ADDED from src\main\AndroidManifest.xml:33:13-56
	android:name
		ADDED from src\main\AndroidManifest.xml:32:13-70
meta-data#com.sec.android.multiwindow.MINIMUM_SIZE_H
ADDED from src\main\AndroidManifest.xml:34:9-36:59
	android:resource
		ADDED from src\main\AndroidManifest.xml:36:13-56
	android:name
		ADDED from src\main\AndroidManifest.xml:35:13-70
activity#com.android.calculator2.Calculator
ADDED from src\main\AndroidManifest.xml:38:9-50:20
	android:exported
		ADDED from src\main\AndroidManifest.xml:40:13-36
	android:windowSoftInputMode
		ADDED from src\main\AndroidManifest.xml:42:13-60
	android:theme
		ADDED from src\main\AndroidManifest.xml:41:13-52
	android:name
		ADDED from src\main\AndroidManifest.xml:39:13-39
intent-filter#android.intent.action.MAIN+android.intent.category.APP_CALCULATOR+android.intent.category.DEFAULT+android.intent.category.LAUNCHER+android.intent.category.MULTIWINDOW_LAUNCHER
ADDED from src\main\AndroidManifest.xml:43:13-49:29
action#android.intent.action.MAIN
ADDED from src\main\AndroidManifest.xml:44:17-69
	android:name
		ADDED from src\main\AndroidManifest.xml:44:25-66
category#android.intent.category.DEFAULT
ADDED from src\main\AndroidManifest.xml:45:17-76
	android:name
		ADDED from src\main\AndroidManifest.xml:45:27-73
category#android.intent.category.APP_CALCULATOR
ADDED from src\main\AndroidManifest.xml:46:17-83
	android:name
		ADDED from src\main\AndroidManifest.xml:46:27-80
category#android.intent.category.LAUNCHER
ADDED from src\main\AndroidManifest.xml:47:17-77
	android:name
		ADDED from src\main\AndroidManifest.xml:47:27-74
category#android.intent.category.MULTIWINDOW_LAUNCHER
ADDED from src\main\AndroidManifest.xml:48:17-89
	android:name
		ADDED from src\main\AndroidManifest.xml:48:27-86
receiver#com.android.calculator2.widget.CalculatorWidget
ADDED from src\main\AndroidManifest.xml:53:9-60:20
	android:name
		ADDED from src\main\AndroidManifest.xml:53:19-58
intent-filter#android.appwidget.action.APPWIDGET_UPDATE
ADDED from src\main\AndroidManifest.xml:54:13-56:29
action#android.appwidget.action.APPWIDGET_UPDATE
ADDED from src\main\AndroidManifest.xml:55:17-84
	android:name
		ADDED from src\main\AndroidManifest.xml:55:25-81
meta-data#android.appwidget.provider
ADDED from src\main\AndroidManifest.xml:57:13-59:66
	android:resource
		ADDED from src\main\AndroidManifest.xml:59:17-63
	android:name
		ADDED from src\main\AndroidManifest.xml:58:17-58
activity#com.xlythe.floatingview.FloatingActivity
ADDED from src\main\AndroidManifest.xml:63:9-71:60
	android:clearTaskOnLaunch
		ADDED from src\main\AndroidManifest.xml:65:13-45
	android:label
		ADDED from src\main\AndroidManifest.xml:68:13-45
	android:excludeFromRecents
		ADDED from src\main\AndroidManifest.xml:66:13-46
	android:launchMode
		ADDED from src\main\AndroidManifest.xml:69:13-48
	android:noHistory
		ADDED from src\main\AndroidManifest.xml:70:13-37
	android:finishOnTaskLaunch
		ADDED from src\main\AndroidManifest.xml:67:13-46
	android:theme
		ADDED from src\main\AndroidManifest.xml:71:13-57
	android:name
		ADDED from src\main\AndroidManifest.xml:64:13-68
activity#com.android.calculator2.floating.FloatingCalculatorCreateShortCutActivity
ADDED from src\main\AndroidManifest.xml:72:9-80:20
	android:label
		ADDED from src\main\AndroidManifest.xml:75:13-45
	android:icon
		ADDED from src\main\AndroidManifest.xml:74:13-58
	android:name
		ADDED from src\main\AndroidManifest.xml:73:13-78
intent-filter#android.intent.action.CREATE_SHORTCUT+android.intent.category.DEFAULT
ADDED from src\main\AndroidManifest.xml:76:13-79:29
action#android.intent.action.CREATE_SHORTCUT
ADDED from src\main\AndroidManifest.xml:77:17-80
	android:name
		ADDED from src\main\AndroidManifest.xml:77:25-77
activity#com.android.calculator2.floating.FloatingCalculatorOpenShortCutActivity
ADDED from src\main\AndroidManifest.xml:81:9-90:60
	android:clearTaskOnLaunch
		ADDED from src\main\AndroidManifest.xml:83:13-45
	android:label
		ADDED from src\main\AndroidManifest.xml:87:13-45
	android:excludeFromRecents
		ADDED from src\main\AndroidManifest.xml:84:13-46
	android:launchMode
		ADDED from src\main\AndroidManifest.xml:88:13-48
	android:exported
		ADDED from src\main\AndroidManifest.xml:85:13-36
	android:noHistory
		ADDED from src\main\AndroidManifest.xml:89:13-38
	android:finishOnTaskLaunch
		ADDED from src\main\AndroidManifest.xml:86:13-46
	android:theme
		ADDED from src\main\AndroidManifest.xml:90:13-57
	android:name
		ADDED from src\main\AndroidManifest.xml:82:13-76
service#com.android.calculator2.floating.FloatingCalculator
ADDED from src\main\AndroidManifest.xml:91:9-95:19
	android:name
		ADDED from src\main\AndroidManifest.xml:91:18-61
intent-filter#android.intent.action.CONFIGURATION_CHANGED
ADDED from src\main\AndroidManifest.xml:92:13-94:29
action#android.intent.action.CONFIGURATION_CHANGED
ADDED from src\main\AndroidManifest.xml:93:17-86
	android:name
		ADDED from src\main\AndroidManifest.xml:93:25-83